<?xml version="1.0" encoding="UTF-8"?>
<!-- Generated by org.testng.reporters.JUnitReportReporter -->
<testsuite hostname="Timothys-Laptop.local" failures="0" tests="4" name="basicTest.TC6_CalculatingSubtotalSingleItem" time="27.049" errors="0" timestamp="2025-01-20T01:44:17 WIB" skipped="0">
  <testcase classname="basicTest.TC6_CalculatingSubtotalSingleItem" name="chooseItem" time="13.854"/>
  <testcase classname="basicTest.TC6_CalculatingSubtotalSingleItem" name="addItemToCart" time="5.070"/>
  <testcase classname="basicTest.TC6_CalculatingSubtotalSingleItem" name="verifyItemInCart" time="7.819"/>
  <testcase classname="basicTest.TC6_CalculatingSubtotalSingleItem" name="verifySubtotalPrice" time="0.306"/>
</testsuite> <!-- basicTest.TC6_CalculatingSubtotalSingleItem -->
