<?xml version="1.0" encoding="UTF-8"?>
<!-- Generated by org.testng.reporters.JUnitReportReporter -->
<testsuite hostname="Timothys-Laptop.local" failures="0" tests="4" name="basicTest.TC15_CheckingOutItemInCart" time="30.250" errors="0" timestamp="2025-01-20T00:33:47 WIB" skipped="0">
  <testcase classname="basicTest.TC15_CheckingOutItemInCart" name="chooseItem" time="12.388"/>
  <testcase classname="basicTest.TC15_CheckingOutItemInCart" name="addItemToCart" time="12.141"/>
  <testcase classname="basicTest.TC15_CheckingOutItemInCart" name="checkingOutItem" time="5.669"/>
  <testcase classname="basicTest.TC15_CheckingOutItemInCart" name="verifyPageChange" time="0.052"/>
</testsuite> <!-- basicTest.TC15_CheckingOutItemInCart -->
