<?xml version="1.0" encoding="UTF-8"?>
<!-- Generated by org.testng.reporters.JUnitReportReporter -->
<testsuite hostname="Timothys-Laptop.local" failures="0" tests="3" name="basicTest.TC13_AddingSameItemToCart" time="43.081" errors="0" timestamp="2025-01-20T00:20:52 WIB" skipped="0">
  <testcase classname="basicTest.TC13_AddingSameItemToCart" name="addItemToCart" time="26.855"/>
  <testcase classname="basicTest.TC13_AddingSameItemToCart" name="verifyItemInCart" time="7.359"/>
  <testcase classname="basicTest.TC13_AddingSameItemToCart" name="verifyItemBeenModified" time="8.867"/>
</testsuite> <!-- basicTest.TC13_AddingSameItemToCart -->
