<?xml version="1.0" encoding="UTF-8"?>
<!-- Generated by org.testng.reporters.JUnitReportReporter -->
<testsuite hostname="Timothys-Laptop.local" failures="0" tests="4" name="basicTest.TC5_DeleteAllItemInCart" time="135.229" errors="0" timestamp="2025-01-19T01:34:48 WIB" skipped="0">
  <testcase classname="basicTest.TC5_DeleteAllItemInCart" name="addItemToCart" time="92.558"/>
  <testcase classname="basicTest.TC5_DeleteAllItemInCart" name="verifyItemInCart" time="13.589"/>
  <testcase classname="basicTest.TC5_DeleteAllItemInCart" name="deleteItemInCart" time="29.049"/>
  <testcase classname="basicTest.TC5_DeleteAllItemInCart" name="verifyCartEmpty" time="0.033"/>
</testsuite> <!-- basicTest.TC5_DeleteAllItemInCart -->
