<?xml version="1.0" encoding="UTF-8"?>
<!-- Generated by org.testng.reporters.JUnitReportReporter -->
<testsuite hostname="Timothys-Laptop.local" failures="0" tests="5" name="basicTest.TC2_ModifyItemInCartT" time="30.083" errors="0" timestamp="2025-01-18T23:29:47 WIB" skipped="0">
  <testcase classname="basicTest.TC2_ModifyItemInCartT" name="chooseItem" time="9.925"/>
  <testcase classname="basicTest.TC2_ModifyItemInCartT" name="addItemToCart" time="12.301"/>
  <testcase classname="basicTest.TC2_ModifyItemInCartT" name="modifyItemInCart" time="0.728"/>
  <testcase classname="basicTest.TC2_ModifyItemInCartT" name="verifyItemInCart" time="0.037"/>
  <testcase classname="basicTest.TC2_ModifyItemInCartT" name="verifyItemBeenModified" time="7.092"/>
</testsuite> <!-- basicTest.TC2_ModifyItemInCartT -->
