<?xml version="1.0" encoding="UTF-8"?>
<!-- Generated by org.testng.reporters.JUnitReportReporter -->
<testsuite hostname="Timothys-Laptop.local" failures="0" tests="3" name="basicTest.TC7_CalculatingMultipleItemSubtotal" time="137.670" errors="0" timestamp="2025-01-20T01:55:18 WIB" skipped="0">
  <testcase classname="basicTest.TC7_CalculatingMultipleItemSubtotal" name="addItemToCart" time="113.704"/>
  <testcase classname="basicTest.TC7_CalculatingMultipleItemSubtotal" name="verifyItemInCart" time="22.673"/>
  <testcase classname="basicTest.TC7_CalculatingMultipleItemSubtotal" name="verifySubtotalPrice" time="1.293"/>
</testsuite> <!-- basicTest.TC7_CalculatingMultipleItemSubtotal -->
