<?xml version="1.0" encoding="UTF-8"?>
<!-- Generated by org.testng.reporters.JUnitReportReporter -->
<testsuite hostname="Timothys-Laptop.local" failures="0" tests="3" name="basicTest.TC1_AddItemToCart" time="27.071" errors="0" timestamp="2025-01-19T19:48:31 WIB" skipped="0">
  <testcase classname="basicTest.TC1_AddItemToCart" name="chooseItem" time="15.031"/>
  <testcase classname="basicTest.TC1_AddItemToCart" name="addItemToCart" time="11.741"/>
  <testcase classname="basicTest.TC1_AddItemToCart" name="verifyItemInCart" time="0.299"/>
</testsuite> <!-- basicTest.TC1_AddItemToCart -->
