<?xml version="1.0" encoding="UTF-8"?>
<!-- Generated by org.testng.reporters.JUnitReportReporter -->
<testsuite hostname="Timothys-Laptop.local" failures="0" tests="5" name="basicTest.TC3_DeleteItemInCart" time="37.417" errors="0" timestamp="2025-01-19T00:00:24 WIB" skipped="0">
  <testcase classname="basicTest.TC3_DeleteItemInCart" name="chooseItem" time="13.013"/>
  <testcase classname="basicTest.TC3_DeleteItemInCart" name="addItemToCart" time="12.372"/>
  <testcase classname="basicTest.TC3_DeleteItemInCart" name="verifyItemInCart" time="1.046"/>
  <testcase classname="basicTest.TC3_DeleteItemInCart" name="deleteItemInCart" time="10.886"/>
  <testcase classname="basicTest.TC3_DeleteItemInCart" name="verifyCartEmpty" time="0.100"/>
</testsuite> <!-- basicTest.TC3_DeleteItemInCart -->
