<?xml version="1.0" encoding="UTF-8"?>
<!-- Generated by org.testng.reporters.JUnitReportReporter -->
<testsuite hostname="Timothys-Laptop.local" failures="0" tests="4" name="basicTest.TC9_CalculateItemPriceWithTax" time="28.888" errors="0" timestamp="2025-01-19T14:53:19 WIB" skipped="0">
  <testcase classname="basicTest.TC9_CalculateItemPriceWithTax" name="chooseItem" time="14.391"/>
  <testcase classname="basicTest.TC9_CalculateItemPriceWithTax" name="addItemToCart" time="4.056"/>
  <testcase classname="basicTest.TC9_CalculateItemPriceWithTax" name="verifyItemInCart" time="10.277"/>
  <testcase classname="basicTest.TC9_CalculateItemPriceWithTax" name="verifySubtotalPrice" time="0.164"/>
</testsuite> <!-- basicTest.TC9_CalculateItemPriceWithTax -->
