<?xml version="1.0" encoding="UTF-8"?>
<!-- Generated by org.testng.reporters.JUnitReportReporter -->
<testsuite hostname="Timothys-Laptop.local" failures="0" tests="5" name="basicTest.TC3_DeleteItemInCart" time="31.194" errors="0" timestamp="2025-01-20T01:06:46 WIB" skipped="0">
  <testcase classname="basicTest.TC3_DeleteItemInCart" name="chooseItem" time="10.194"/>
  <testcase classname="basicTest.TC3_DeleteItemInCart" name="addItemToCart" time="3.578"/>
  <testcase classname="basicTest.TC3_DeleteItemInCart" name="verifyItemInCart" time="8.277"/>
  <testcase classname="basicTest.TC3_DeleteItemInCart" name="deleteItemInCart" time="9.100"/>
  <testcase classname="basicTest.TC3_DeleteItemInCart" name="verifyCartEmpty" time="0.045"/>
</testsuite> <!-- basicTest.TC3_DeleteItemInCart -->
