<?xml version="1.0" encoding="UTF-8"?>
<!-- Generated by org.testng.reporters.JUnitReportReporter -->
<testsuite hostname="Timothys-Laptop.local" failures="0" tests="3" name="basicTest.TC8_CalculatingItemsWithDiscount" time="79.224" errors="0" timestamp="2025-01-20T02:41:56 WIB" skipped="0">
  <testcase classname="basicTest.TC8_CalculatingItemsWithDiscount" name="addItemToCart" time="72.134"/>
  <testcase classname="basicTest.TC8_CalculatingItemsWithDiscount" name="verifyItemInCart" time="6.976"/>
  <testcase classname="basicTest.TC8_CalculatingItemsWithDiscount" name="verifySubtotalPrice" time="0.114"/>
</testsuite> <!-- basicTest.TC8_CalculatingItemsWithDiscount -->
