<?xml version="1.0" encoding="UTF-8"?>
<!-- Generated by org.testng.reporters.JUnitReportReporter -->
<testsuite hostname="Timothys-Laptop.local" failures="0" tests="5" name="basicTest.TC14_MovedSaveItemsToCart" time="207.860" errors="0" timestamp="2025-01-19T19:31:23 WIB" skipped="0">
  <testcase classname="basicTest.TC14_MovedSaveItemsToCart" name="chooseItem" time="83.749"/>
  <testcase classname="basicTest.TC14_MovedSaveItemsToCart" name="verifyItemInCart" time="7.275"/>
  <testcase classname="basicTest.TC14_MovedSaveItemsToCart" name="addItemToSaveForLater" time="65.466"/>
  <testcase classname="basicTest.TC14_MovedSaveItemsToCart" name="verifyItemHaveBeenSaved" time="0.117"/>
  <testcase classname="basicTest.TC14_MovedSaveItemsToCart" name="addItemToCartFromSavedForLater" time="51.253"/>
</testsuite> <!-- basicTest.TC14_MovedSaveItemsToCart -->
