<?xml version="1.0" encoding="UTF-8"?>
<!-- Generated by org.testng.reporters.JUnitReportReporter -->
<testsuite hostname="Timothys-Laptop.local" failures="0" tests="4" name="basicTest.TC11_ContinueShoppingAFterCart" time="34.684" errors="0" timestamp="2025-01-19T17:17:14 WIB" skipped="0">
  <testcase classname="basicTest.TC11_ContinueShoppingAFterCart" name="chooseItem" time="14.323"/>
  <testcase classname="basicTest.TC11_ContinueShoppingAFterCart" name="addItemToCart" time="19.068"/>
  <testcase classname="basicTest.TC11_ContinueShoppingAFterCart" name="addItemToSaveForLater" time="1.062"/>
  <testcase classname="basicTest.TC11_ContinueShoppingAFterCart" name="verifyPageChange" time="0.231"/>
</testsuite> <!-- basicTest.TC11_ContinueShoppingAFterCart -->
