<?xml version="1.0" encoding="UTF-8"?>
<!-- Generated by org.testng.reporters.JUnitReportReporter -->
<testsuite hostname="Timothys-Laptop.local" failures="0" tests="5" name="basicTest.TC2_ModifyItemInCart" time="30.698" errors="0" timestamp="2025-01-20T00:52:53 WIB" skipped="0">
  <testcase classname="basicTest.TC2_ModifyItemInCart" name="chooseItem" time="10.519"/>
  <testcase classname="basicTest.TC2_ModifyItemInCart" name="addItemToCart" time="11.420"/>
  <testcase classname="basicTest.TC2_ModifyItemInCart" name="modifyItemInCart" time="0.811"/>
  <testcase classname="basicTest.TC2_ModifyItemInCart" name="verifyItemInCart" time="0.212"/>
  <testcase classname="basicTest.TC2_ModifyItemInCart" name="verifyItemBeenModified" time="7.736"/>
</testsuite> <!-- basicTest.TC2_ModifyItemInCart -->
