<?xml version="1.0" encoding="UTF-8"?>
<!-- Generated by org.testng.reporters.JUnitReportReporter -->
<testsuite hostname="Timothys-Laptop.local" failures="0" tests="2" name="basicTest.TC1_AddToCartTestCase" time="26.357" errors="0" timestamp="2025-01-18T22:05:35 WIB" skipped="0">
  <testcase classname="basicTest.TC1_AddToCartTestCase" name="chooseItem" time="13.428"/>
  <testcase classname="basicTest.TC1_AddToCartTestCase" name="addItemToCart" time="12.929"/>
</testsuite> <!-- basicTest.TC1_AddToCartTestCase -->
