<?xml version="1.0" encoding="UTF-8"?>
<!-- Generated by org.testng.reporters.JUnitReportReporter -->
<testsuite hostname="Timothys-Laptop.local" failures="0" tests="3" name="basicTest.TC1_AddItemToCart" time="29.296" errors="0" timestamp="2025-01-19T22:07:51 WIB" skipped="0">
  <testcase classname="basicTest.TC1_AddItemToCart" name="chooseItem" time="16.652"/>
  <testcase classname="basicTest.TC1_AddItemToCart" name="addItemToCart" time="12.569"/>
  <testcase classname="basicTest.TC1_AddItemToCart" name="verifyItemInCart" time="0.075"/>
</testsuite> <!-- basicTest.TC1_AddItemToCart -->
