<?xml version="1.0" encoding="UTF-8"?>
<!-- Generated by org.testng.reporters.JUnitReportReporter -->
<testsuite hostname="Timothys-Laptop.local" failures="0" tests="4" name="basicTest.TC6_CalculatingSubtotalSingleItem" time="23.505" errors="0" timestamp="2025-01-19T02:26:05 WIB" skipped="0">
  <testcase classname="basicTest.TC6_CalculatingSubtotalSingleItem" name="chooseItem" time="10.723"/>
  <testcase classname="basicTest.TC6_CalculatingSubtotalSingleItem" name="addItemToCart" time="3.354"/>
  <testcase classname="basicTest.TC6_CalculatingSubtotalSingleItem" name="verifyItemInCart" time="9.072"/>
  <testcase classname="basicTest.TC6_CalculatingSubtotalSingleItem" name="verifySubtotalPrice" time="0.356"/>
</testsuite> <!-- basicTest.TC6_CalculatingSubtotalSingleItem -->
