<?xml version="1.0" encoding="UTF-8"?>
<!-- Generated by org.testng.reporters.JUnitReportReporter -->
<testsuite hostname="Timothys-Laptop.local" failures="0" tests="3" name="basicTest.TC8_CalculatingItemsWithDiscount" time="95.937" errors="0" timestamp="2025-01-19T14:27:24 WIB" skipped="0">
  <testcase classname="basicTest.TC8_CalculatingItemsWithDiscount" name="addItemToCart" time="85.240"/>
  <testcase classname="basicTest.TC8_CalculatingItemsWithDiscount" name="verifyItemInCart" time="10.307"/>
  <testcase classname="basicTest.TC8_CalculatingItemsWithDiscount" name="verifySubtotalPrice" time="0.390"/>
</testsuite> <!-- basicTest.TC8_CalculatingItemsWithDiscount -->
