<?xml version="1.0" encoding="UTF-8"?>
<!-- Generated by org.testng.reporters.JUnitReportReporter -->
<testsuite hostname="Timothys-Laptop.local" failures="0" tests="4" name="basicTest.TC10_SavingItemForLater" time="121.065" errors="0" timestamp="2025-01-19T23:26:26 WIB" skipped="0">
  <testcase classname="basicTest.TC10_SavingItemForLater" name="chooseItem" time="95.799"/>
  <testcase classname="basicTest.TC10_SavingItemForLater" name="verifyItemInCart" time="7.457"/>
  <testcase classname="basicTest.TC10_SavingItemForLater" name="addItemToSaveForLater" time="17.163"/>
  <testcase classname="basicTest.TC10_SavingItemForLater" name="verifyItemHaveBeenSaved" time="0.646"/>
</testsuite> <!-- basicTest.TC10_SavingItemForLater -->
