<?xml version="1.0" encoding="UTF-8"?>
<!-- Generated by org.testng.reporters.JUnitReportReporter -->
<testsuite hostname="Timothys-Laptop.local" failures="0" tests="4" name="basicTest.TC11_ContinueShoppingAfterCart" time="45.121" errors="0" timestamp="2025-01-19T23:48:58 WIB" skipped="0">
  <testcase classname="basicTest.TC11_ContinueShoppingAfterCart" name="chooseItem" time="17.083"/>
  <testcase classname="basicTest.TC11_ContinueShoppingAfterCart" name="addItemToCart" time="11.953"/>
  <testcase classname="basicTest.TC11_ContinueShoppingAfterCart" name="continueShopping" time="15.954"/>
  <testcase classname="basicTest.TC11_ContinueShoppingAfterCart" name="verifyPageChange" time="0.131"/>
</testsuite> <!-- basicTest.TC11_ContinueShoppingAfterCart -->
