<?xml version="1.0" encoding="UTF-8"?>
<!-- Generated by org.testng.reporters.JUnitReportReporter -->
<testsuite hostname="Timothys-Laptop.local" failures="0" tests="1" name="TaskFive.SeleniumTaskFive.FirstTestClass" time="75.336" errors="0" timestamp="2025-01-18T21:12:30 WIB" skipped="0">
  <testcase classname="TaskFive.SeleniumTaskFive.FirstTestClass" name="addItemToCartTest" time="75.336"/>
</testsuite> <!-- TaskFive.SeleniumTaskFive.FirstTestClass -->
