<?xml version="1.0" encoding="UTF-8"?>
<!-- Generated by org.testng.reporters.JUnitReportReporter -->
<testsuite hostname="Timothys-Laptop.local" failures="0" tests="3" name="basicTest.TC12_UsingUpdateButtonInCart" time="44.985" errors="0" timestamp="2025-01-20T00:05:13 WIB" skipped="0">
  <testcase classname="basicTest.TC12_UsingUpdateButtonInCart" name="chooseItem" time="16.804"/>
  <testcase classname="basicTest.TC12_UsingUpdateButtonInCart" name="addItemToCart" time="15.284"/>
  <testcase classname="basicTest.TC12_UsingUpdateButtonInCart" name="updateCart" time="12.897"/>
</testsuite> <!-- basicTest.TC12_UsingUpdateButtonInCart -->
