<?xml version="1.0" encoding="UTF-8"?>
<!-- Generated by org.testng.reporters.JUnitReportReporter -->
<testsuite hostname="Timothys-Laptop.local" failures="0" tests="3" name="basicTest.TC7_CalculatingMultipleItemSubtotal" time="85.264" errors="0" timestamp="2025-01-19T03:15:54 WIB" skipped="0">
  <testcase classname="basicTest.TC7_CalculatingMultipleItemSubtotal" name="addItemToCart" time="76.813"/>
  <testcase classname="basicTest.TC7_CalculatingMultipleItemSubtotal" name="verifyItemInCart" time="7.549"/>
  <testcase classname="basicTest.TC7_CalculatingMultipleItemSubtotal" name="verifySubtotalPrice" time="0.902"/>
</testsuite> <!-- basicTest.TC7_CalculatingMultipleItemSubtotal -->
