<?xml version="1.0" encoding="UTF-8"?>
<!-- Generated by org.testng.reporters.JUnitReportReporter -->
<testsuite hostname="Timothys-Laptop.local" failures="0" tests="4" name="basicTest.TC10_SavingItemForLater" time="115.651" errors="0" timestamp="2025-01-19T16:58:31 WIB" skipped="0">
  <testcase classname="basicTest.TC10_SavingItemForLater" name="chooseItem" time="87.863"/>
  <testcase classname="basicTest.TC10_SavingItemForLater" name="verifyItemInCart" time="7.526"/>
  <testcase classname="basicTest.TC10_SavingItemForLater" name="addItemToSaveForLater" time="19.604"/>
  <testcase classname="basicTest.TC10_SavingItemForLater" name="verifyItemHaveBeenSaved" time="0.658"/>
</testsuite> <!-- basicTest.TC10_SavingItemForLater -->
