<?xml version="1.0" encoding="UTF-8"?>
<!-- Generated by org.testng.reporters.JUnitReportReporter -->
<testsuite hostname="Timothys-Laptop.local" failures="0" tests="3" name="basicTest.TC13_AddingSameItemToCart" time="44.370" errors="0" timestamp="2025-01-19T18:01:43 WIB" skipped="0">
  <testcase classname="basicTest.TC13_AddingSameItemToCart" name="addItemToCart" time="27.367"/>
  <testcase classname="basicTest.TC13_AddingSameItemToCart" name="verifyItemInCart" time="7.821"/>
  <testcase classname="basicTest.TC13_AddingSameItemToCart" name="verifyItemBeenModified" time="9.182"/>
</testsuite> <!-- basicTest.TC13_AddingSameItemToCart -->
