<?xml version="1.0" encoding="UTF-8"?>
<!-- Generated by org.testng.reporters.JUnitReportReporter -->
<testsuite hostname="Timothys-Laptop.local" failures="0" tests="1" name="basicTest.FirstTestClass" time="64.304" errors="0" timestamp="2025-01-18T21:42:12 WIB" skipped="0">
  <testcase classname="basicTest.FirstTestClass" name="addItemToCartTest" time="64.304"/>
</testsuite> <!-- basicTest.FirstTestClass -->
