<?xml version="1.0" encoding="UTF-8"?>
<!-- Generated by org.testng.reporters.JUnitReportReporter -->
<testsuite hostname="Timothys-Laptop.local" failures="0" tests="4" name="basicTest.TC5_DeleteAllItemInCart" time="186.123" errors="0" timestamp="2025-01-20T01:18:07 WIB" skipped="0">
  <testcase classname="basicTest.TC5_DeleteAllItemInCart" name="addItemToCart" time="110.757"/>
  <testcase classname="basicTest.TC5_DeleteAllItemInCart" name="verifyItemInCart" time="13.110"/>
  <testcase classname="basicTest.TC5_DeleteAllItemInCart" name="deleteItemInCart" time="61.376"/>
  <testcase classname="basicTest.TC5_DeleteAllItemInCart" name="verifyCartEmpty" time="0.880"/>
</testsuite> <!-- basicTest.TC5_DeleteAllItemInCart -->
