<?xml version="1.0" encoding="UTF-8"?>
<!-- Generated by org.testng.reporters.JUnitReportReporter -->
<testsuite hostname="Timothys-Laptop.local" failures="0" tests="3" name="basicTest.TC4_DeleteSomeItemInCart" time="82.214" errors="0" timestamp="2025-01-19T00:36:53 WIB" skipped="0">
  <testcase classname="basicTest.TC4_DeleteSomeItemInCart" name="addItemToCart" time="64.801"/>
  <testcase classname="basicTest.TC4_DeleteSomeItemInCart" name="verifyItemInCart" time="6.955"/>
  <testcase classname="basicTest.TC4_DeleteSomeItemInCart" name="deleteItemInCart" time="10.458"/>
</testsuite> <!-- basicTest.TC4_DeleteSomeItemInCart -->
